2020-03-24 20:18:06,274:logger:DEBUG:log debug message
2020-03-24 20:18:06,275:logger:INFO:log info message
2020-03-24 20:18:06,275:logger:WARNING:log warning message
2020-03-24 20:18:06,277:logger:ERROR:log error message
2020-03-24 20:18:06,277:logger:CRITICAL:log critical message
2020-03-24 20:22:44,793:logger:DEBUG:log debug message
2020-03-24 20:22:44,795:logger:INFO:log info message
2020-03-24 20:22:44,795:logger:WARNING:log warning message
2020-03-24 20:22:44,795:logger:ERROR:log error message
2020-03-24 20:22:44,796:logger:CRITICAL:log critical message
2020-03-24 20:31:54,958:logger:DEBUG:log debug message
2020-03-24 20:31:54,959:logger:INFO:log info message
2020-03-24 20:31:54,959:logger:WARNING:log warning message
2020-03-24 20:31:54,959:logger:ERROR:log error message
2020-03-24 20:31:54,960:logger:CRITICAL:log critical message
2020-03-24 20:33:22,100:logger:DEBUG:log debug message
2020-03-24 20:33:22,100:logger:INFO:log info message
2020-03-24 20:33:22,100:logger:WARNING:log warning message
2020-03-24 20:33:22,101:logger:ERROR:log error message
2020-03-24 20:33:22,101:logger:CRITICAL:log critical message
2020-03-24 20:34:03,167:logger:DEBUG:log debug message
2020-03-24 20:34:03,168:logger:INFO:log info message
2020-03-24 20:34:03,168:logger:WARNING:log warning message
2020-03-24 20:34:03,169:logger:ERROR:log error message
2020-03-24 20:34:03,169:logger:CRITICAL:log critical message
2020-03-24 20:34:29,697:logger:DEBUG:log debug message
2020-03-24 20:34:29,697:logger:INFO:log info message
2020-03-24 20:34:29,698:logger:WARNING:log warning message
2020-03-24 20:34:29,698:logger:ERROR:log error message
2020-03-24 20:34:29,698:logger:CRITICAL:log critical message
2020-03-24 20:35:11,070:logger:DEBUG:log debug message
2020-03-24 20:35:11,071:logger:INFO:log info message
2020-03-24 20:35:11,071:logger:WARNING:log warning message
2020-03-24 20:35:11,071:logger:ERROR:log error message
2020-03-24 20:35:11,072:logger:CRITICAL:log critical message
2020-03-24 20:35:24,872:logger:DEBUG:log debug message
2020-03-24 20:35:24,872:logger:INFO:log info message
2020-03-24 20:35:24,872:logger:WARNING:log warning message
2020-03-24 20:35:24,873:logger:ERROR:log error message
2020-03-24 20:35:24,874:logger:CRITICAL:log critical message
2020-03-24 20:35:50,063:logger:DEBUG:log debug message
2020-03-24 20:35:50,063:logger:INFO:log info message
2020-03-24 20:35:50,063:logger:WARNING:log warning message
2020-03-24 20:35:50,063:logger:ERROR:log error message
2020-03-24 20:35:50,064:logger:CRITICAL:log critical message
2020-03-24 20:37:23,623:logger:DEBUG:log debug message
2020-03-24 20:37:23,623:logger:INFO:log info message
2020-03-24 20:37:23,623:logger:WARNING:log warning message
2020-03-24 20:37:23,624:logger:ERROR:log error message
2020-03-24 20:37:23,624:logger:CRITICAL:log critical message
2020-03-24 20:37:47,443:logger:DEBUG:log debug message
2020-03-24 20:37:47,443:logger:INFO:log info message
2020-03-24 20:37:47,443:logger:WARNING:log warning message
2020-03-24 20:37:47,444:logger:ERROR:log error message
2020-03-24 20:37:47,445:logger:CRITICAL:log critical message
2020-03-24 20:38:54,512:logger:DEBUG:log debug message
2020-03-24 20:38:54,513:logger:INFO:log info message
2020-03-24 20:38:54,513:logger:WARNING:log warning message
2020-03-24 20:38:54,513:logger:ERROR:log error message
2020-03-24 20:38:54,514:logger:CRITICAL:log critical message
